<?xml version="1.0" encoding="UTF-8"?>
<coverage generated="1542002453961" clover="3.2.0">
  <project timestamp="1542002453961" name="All files">
    <metrics statements="105" coveredstatements="105" conditionals="40" coveredconditionals="40" methods="56" coveredmethods="56" elements="201" coveredelements="201" complexity="0" loc="105" ncloc="105" packages="7" files="15" classes="15">
      <package name="src">
        <metrics statements="2" coveredstatements="2" conditionals="0" coveredconditionals="0" methods="1" coveredmethods="1"/>
        <file name="NotFound.js" path="D:\WebDevelopment\ReactWebPack\src\NotFound.js">
          <metrics statements="2" coveredstatements="2" conditionals="0" coveredconditionals="0" methods="1" coveredmethods="1"/>
          <line num="4" count="1" type="stmt"/>
          <line num="5" count="1" type="stmt"/>
        </file>
      </package>
      <package name="src.js.actions">
        <metrics statements="25" coveredstatements="25" conditionals="0" coveredconditionals="0" methods="20" coveredmethods="20"/>
        <file name="Actions.js" path="D:\WebDevelopment\ReactWebPack\src\js\actions\Actions.js">
          <metrics statements="25" coveredstatements="25" conditionals="0" coveredconditionals="0" methods="20" coveredmethods="20"/>
          <line num="3" count="3" type="stmt"/>
          <line num="8" count="3" type="stmt"/>
          <line num="13" count="3" type="stmt"/>
          <line num="18" count="3" type="stmt"/>
          <line num="19" count="2" type="stmt"/>
          <line num="23" count="2" type="stmt"/>
          <line num="24" count="2" type="stmt"/>
          <line num="26" count="2" type="stmt"/>
          <line num="30" count="2" type="stmt"/>
          <line num="34" count="1" type="stmt"/>
          <line num="35" count="1" type="stmt"/>
          <line num="37" count="1" type="stmt"/>
          <line num="40" count="3" type="stmt"/>
          <line num="41" count="2" type="stmt"/>
          <line num="42" count="2" type="stmt"/>
          <line num="44" count="2" type="stmt"/>
          <line num="48" count="2" type="stmt"/>
          <line num="50" count="2" type="stmt"/>
          <line num="53" count="3" type="stmt"/>
          <line num="54" count="2" type="stmt"/>
          <line num="59" count="2" type="stmt"/>
          <line num="60" count="2" type="stmt"/>
          <line num="62" count="2" type="stmt"/>
          <line num="66" count="2" type="stmt"/>
          <line num="70" count="1" type="stmt"/>
        </file>
      </package>
      <package name="src.js.components">
        <metrics statements="17" coveredstatements="17" conditionals="14" coveredconditionals="14" methods="8" coveredmethods="8"/>
        <file name="App.js" path="D:\WebDevelopment\ReactWebPack\src\js\components\App.js">
          <metrics statements="5" coveredstatements="5" conditionals="4" coveredconditionals="4" methods="3" coveredmethods="3"/>
          <line num="13" count="1" type="stmt"/>
          <line num="14" count="1" type="stmt"/>
          <line num="17" count="2" type="stmt"/>
          <line num="35" count="6" type="stmt"/>
          <line num="44" count="1" type="stmt"/>
        </file>
        <file name="MovieDesc.js" path="D:\WebDevelopment\ReactWebPack\src\js\components\MovieDesc.js">
          <metrics statements="12" coveredstatements="12" conditionals="10" coveredconditionals="10" methods="5" coveredmethods="5"/>
          <line num="13" count="1" type="stmt"/>
          <line num="14" count="1" type="stmt"/>
          <line num="15" count="1" type="stmt"/>
          <line num="18" count="2" type="cond" truecount="2" falsecount="0"/>
          <line num="19" count="1" type="stmt"/>
          <line num="21" count="1" type="stmt"/>
          <line num="24" count="2" type="cond" truecount="4" falsecount="0"/>
          <line num="25" count="1" type="stmt"/>
          <line num="26" count="1" type="stmt"/>
          <line num="30" count="3" type="stmt"/>
          <line num="47" count="5" type="stmt"/>
          <line num="55" count="1" type="stmt"/>
        </file>
      </package>
      <package name="src.js.constants">
        <metrics statements="1" coveredstatements="1" conditionals="0" coveredconditionals="0" methods="0" coveredmethods="0"/>
        <file name="index.js" path="D:\WebDevelopment\ReactWebPack\src\js\constants\index.js">
          <metrics statements="1" coveredstatements="1" conditionals="0" coveredconditionals="0" methods="0" coveredmethods="0"/>
          <line num="1" count="4" type="stmt"/>
        </file>
      </package>
      <package name="src.js.reducers">
        <metrics statements="12" coveredstatements="12" conditionals="18" coveredconditionals="18" methods="6" coveredmethods="6"/>
        <file name="index.js" path="D:\WebDevelopment\ReactWebPack\src\js\reducers\index.js">
          <metrics statements="0" coveredstatements="0" conditionals="0" coveredconditionals="0" methods="0" coveredmethods="0"/>
        </file>
        <file name="reducers.js" path="D:\WebDevelopment\ReactWebPack\src\js\reducers\reducers.js">
          <metrics statements="12" coveredstatements="12" conditionals="18" coveredconditionals="18" methods="6" coveredmethods="6"/>
          <line num="3" count="2" type="cond" truecount="1" falsecount="0"/>
          <line num="4" count="6" type="cond" truecount="2" falsecount="0"/>
          <line num="8" count="2" type="cond" truecount="1" falsecount="0"/>
          <line num="9" count="6" type="cond" truecount="2" falsecount="0"/>
          <line num="13" count="2" type="cond" truecount="1" falsecount="0"/>
          <line num="14" count="6" type="cond" truecount="2" falsecount="0"/>
          <line num="18" count="2" type="cond" truecount="1" falsecount="0"/>
          <line num="19" count="6" type="cond" truecount="2" falsecount="0"/>
          <line num="23" count="2" type="cond" truecount="1" falsecount="0"/>
          <line num="24" count="6" type="cond" truecount="2" falsecount="0"/>
          <line num="28" count="2" type="cond" truecount="1" falsecount="0"/>
          <line num="29" count="3" type="cond" truecount="2" falsecount="0"/>
        </file>
      </package>
      <package name="src.js.store">
        <metrics statements="1" coveredstatements="1" conditionals="0" coveredconditionals="0" methods="0" coveredmethods="0"/>
        <file name="store.js" path="D:\WebDevelopment\ReactWebPack\src\js\store\store.js">
          <metrics statements="1" coveredstatements="1" conditionals="0" coveredconditionals="0" methods="0" coveredmethods="0"/>
          <line num="14" count="1" type="stmt"/>
        </file>
      </package>
      <package name="src.js.ui">
        <metrics statements="47" coveredstatements="47" conditionals="8" coveredconditionals="8" methods="21" coveredmethods="21"/>
        <file name="Footer.js" path="D:\WebDevelopment\ReactWebPack\src\js\ui\Footer.js">
          <metrics statements="2" coveredstatements="2" conditionals="0" coveredconditionals="0" methods="1" coveredmethods="1"/>
          <line num="5" count="3" type="stmt"/>
          <line num="6" count="1" type="stmt"/>
        </file>
        <file name="Header.js" path="D:\WebDevelopment\ReactWebPack\src\js\ui\Header.js">
          <metrics statements="19" coveredstatements="19" conditionals="2" coveredconditionals="2" methods="8" coveredmethods="8"/>
          <line num="6" count="11" type="stmt"/>
          <line num="7" count="11" type="stmt"/>
          <line num="8" count="11" type="stmt"/>
          <line num="9" count="11" type="stmt"/>
          <line num="10" count="11" type="stmt"/>
          <line num="13" count="1" type="stmt"/>
          <line num="14" count="1" type="stmt"/>
          <line num="15" count="1" type="stmt"/>
          <line num="16" count="1" type="stmt"/>
          <line num="19" count="1" type="stmt"/>
          <line num="20" count="1" type="stmt"/>
          <line num="21" count="1" type="stmt"/>
          <line num="22" count="1" type="stmt"/>
          <line num="24" count="1" type="stmt"/>
          <line num="25" count="2" type="stmt"/>
          <line num="27" count="2" type="cond" truecount="2" falsecount="0"/>
          <line num="28" count="1" type="stmt"/>
          <line num="32" count="13" type="stmt"/>
          <line num="40" count="5" type="stmt"/>
        </file>
        <file name="MovieComp.js" path="D:\WebDevelopment\ReactWebPack\src\js\ui\MovieComp.js">
          <metrics statements="4" coveredstatements="4" conditionals="0" coveredconditionals="0" methods="2" coveredmethods="2"/>
          <line num="4" count="4" type="stmt"/>
          <line num="5" count="2" type="stmt"/>
          <line num="7" count="1" type="stmt"/>
          <line num="8" count="1" type="stmt"/>
        </file>
        <file name="MovieData.js" path="D:\WebDevelopment\ReactWebPack\src\js\ui\MovieData.js">
          <metrics statements="3" coveredstatements="3" conditionals="4" coveredconditionals="4" methods="2" coveredmethods="2"/>
          <line num="4" count="2" type="stmt"/>
          <line num="5" count="4" type="stmt"/>
          <line num="8" count="1" type="stmt"/>
        </file>
        <file name="MovieSubHeader.js" path="D:\WebDevelopment\ReactWebPack\src\js\ui\MovieSubHeader.js">
          <metrics statements="2" coveredstatements="2" conditionals="0" coveredconditionals="0" methods="1" coveredmethods="1"/>
          <line num="4" count="2" type="stmt"/>
          <line num="5" count="2" type="stmt"/>
        </file>
        <file name="MoviesList.js" path="D:\WebDevelopment\ReactWebPack\src\js\ui\MoviesList.js">
          <metrics statements="3" coveredstatements="3" conditionals="0" coveredconditionals="0" methods="2" coveredmethods="2"/>
          <line num="6" count="3" type="stmt"/>
          <line num="7" count="1" type="stmt"/>
          <line num="10" count="2" type="stmt"/>
        </file>
        <file name="SubHeader.js" path="D:\WebDevelopment\ReactWebPack\src\js\ui\SubHeader.js">
          <metrics statements="14" coveredstatements="14" conditionals="2" coveredconditionals="2" methods="5" coveredmethods="5"/>
          <line num="6" count="3" type="stmt"/>
          <line num="7" count="3" type="stmt"/>
          <line num="8" count="3" type="stmt"/>
          <line num="11" count="1" type="stmt"/>
          <line num="12" count="1" type="stmt"/>
          <line num="13" count="1" type="stmt"/>
          <line num="14" count="1" type="stmt"/>
          <line num="17" count="1" type="stmt"/>
          <line num="18" count="1" type="stmt"/>
          <line num="19" count="1" type="stmt"/>
          <line num="20" count="1" type="stmt"/>
          <line num="23" count="2" type="cond" truecount="2" falsecount="0"/>
          <line num="24" count="2" type="stmt"/>
          <line num="27" count="5" type="stmt"/>
        </file>
      </package>
    </metrics>
  </project>
</coverage>
