{"D:\\WebDevelopment\\ReactWebPack\\src\\NotFound.js": {"path":"D:\\WebDevelopment\\ReactWebPack\\src\\NotFound.js","statementMap":{"0":{"start":{"line":4,"column":17},"end":{"line":15,"column":1}},"1":{"start":{"line":5,"column":1},"end":{"line":14,"column":10}}},"fnMap":{"0":{"name":"(anonymous_0)","decl":{"start":{"line":4,"column":17},"end":{"line":4,"column":18}},"loc":{"start":{"line":5,"column":1},"end":{"line":14,"column":10}},"line":5}},"branchMap":{},"s":{"0":1,"1":1},"f":{"0":1},"b":{},"_coverageSchema":"332fd63041d2c1bcb487cc26dd0d5f7d97098a6c","hash":"8326822f1461c91abc1f4d83f49f4fc4345ac8c9"}
,"D:\\WebDevelopment\\ReactWebPack\\src\\js\\actions\\Actions.js": {"path":"D:\\WebDevelopment\\ReactWebPack\\src\\js\\actions\\Actions.js","statementMap":{"0":{"start":{"line":3,"column":29},"end":{"line":6,"column":2}},"1":{"start":{"line":3,"column":40},"end":{"line":6,"column":1}},"2":{"start":{"line":8,"column":27},"end":{"line":11,"column":2}},"3":{"start":{"line":8,"column":38},"end":{"line":11,"column":1}},"4":{"start":{"line":13,"column":31},"end":{"line":16,"column":2}},"5":{"start":{"line":13,"column":43},"end":{"line":16,"column":1}},"6":{"start":{"line":18,"column":31},"end":{"line":38,"column":1}},"7":{"start":{"line":18,"column":52},"end":{"line":38,"column":1}},"8":{"start":{"line":19,"column":4},"end":{"line":37,"column":56}},"9":{"start":{"line":23,"column":26},"end":{"line":23,"column":41}},"10":{"start":{"line":24,"column":26},"end":{"line":24,"column":39}},"11":{"start":{"line":26,"column":12},"end":{"line":29,"column":14}},"12":{"start":{"line":30,"column":12},"end":{"line":33,"column":14}},"13":{"start":{"line":34,"column":12},"end":{"line":34,"column":44}},"14":{"start":{"line":35,"column":12},"end":{"line":35,"column":44}},"15":{"start":{"line":37,"column":24},"end":{"line":37,"column":54}},"16":{"start":{"line":40,"column":36},"end":{"line":51,"column":1}},"17":{"start":{"line":40,"column":44},"end":{"line":51,"column":1}},"18":{"start":{"line":41,"column":4},"end":{"line":50,"column":56}},"19":{"start":{"line":42,"column":26},"end":{"line":42,"column":41}},"20":{"start":{"line":44,"column":12},"end":{"line":47,"column":14}},"21":{"start":{"line":48,"column":12},"end":{"line":48,"column":67}},"22":{"start":{"line":50,"column":24},"end":{"line":50,"column":54}},"23":{"start":{"line":53,"column":28},"end":{"line":71,"column":1}},"24":{"start":{"line":53,"column":40},"end":{"line":71,"column":1}},"25":{"start":{"line":54,"column":4},"end":{"line":70,"column":54}},"26":{"start":{"line":59,"column":22},"end":{"line":59,"column":37}},"27":{"start":{"line":60,"column":22},"end":{"line":60,"column":35}},"28":{"start":{"line":62,"column":8},"end":{"line":65,"column":10}},"29":{"start":{"line":66,"column":8},"end":{"line":69,"column":10}},"30":{"start":{"line":70,"column":22},"end":{"line":70,"column":52}}},"fnMap":{"0":{"name":"(anonymous_0)","decl":{"start":{"line":3,"column":29},"end":{"line":3,"column":30}},"loc":{"start":{"line":3,"column":40},"end":{"line":6,"column":1}},"line":3},"1":{"name":"(anonymous_1)","decl":{"start":{"line":8,"column":27},"end":{"line":8,"column":28}},"loc":{"start":{"line":8,"column":38},"end":{"line":11,"column":1}},"line":8},"2":{"name":"(anonymous_2)","decl":{"start":{"line":13,"column":31},"end":{"line":13,"column":32}},"loc":{"start":{"line":13,"column":43},"end":{"line":16,"column":1}},"line":13},"3":{"name":"(anonymous_3)","decl":{"start":{"line":18,"column":31},"end":{"line":18,"column":32}},"loc":{"start":{"line":18,"column":52},"end":{"line":38,"column":1}},"line":18},"4":{"name":"(anonymous_4)","decl":{"start":{"line":18,"column":52},"end":{"line":18,"column":53}},"loc":{"start":{"line":18,"column":66},"end":{"line":38,"column":1}},"line":18},"5":{"name":"(anonymous_5)","decl":{"start":{"line":23,"column":14},"end":{"line":23,"column":15}},"loc":{"start":{"line":23,"column":26},"end":{"line":23,"column":41}},"line":23},"6":{"name":"(anonymous_6)","decl":{"start":{"line":24,"column":14},"end":{"line":24,"column":15}},"loc":{"start":{"line":24,"column":26},"end":{"line":24,"column":39}},"line":24},"7":{"name":"(anonymous_7)","decl":{"start":{"line":25,"column":14},"end":{"line":25,"column":15}},"loc":{"start":{"line":25,"column":26},"end":{"line":36,"column":9}},"line":25},"8":{"name":"(anonymous_8)","decl":{"start":{"line":37,"column":15},"end":{"line":37,"column":16}},"loc":{"start":{"line":37,"column":24},"end":{"line":37,"column":54}},"line":37},"9":{"name":"(anonymous_9)","decl":{"start":{"line":40,"column":36},"end":{"line":40,"column":37}},"loc":{"start":{"line":40,"column":44},"end":{"line":51,"column":1}},"line":40},"10":{"name":"(anonymous_10)","decl":{"start":{"line":40,"column":44},"end":{"line":40,"column":45}},"loc":{"start":{"line":40,"column":58},"end":{"line":51,"column":1}},"line":40},"11":{"name":"(anonymous_11)","decl":{"start":{"line":42,"column":14},"end":{"line":42,"column":15}},"loc":{"start":{"line":42,"column":26},"end":{"line":42,"column":41}},"line":42},"12":{"name":"(anonymous_12)","decl":{"start":{"line":43,"column":14},"end":{"line":43,"column":15}},"loc":{"start":{"line":43,"column":26},"end":{"line":49,"column":9}},"line":43},"13":{"name":"(anonymous_13)","decl":{"start":{"line":50,"column":15},"end":{"line":50,"column":16}},"loc":{"start":{"line":50,"column":24},"end":{"line":50,"column":54}},"line":50},"14":{"name":"(anonymous_14)","decl":{"start":{"line":53,"column":28},"end":{"line":53,"column":29}},"loc":{"start":{"line":53,"column":40},"end":{"line":71,"column":1}},"line":53},"15":{"name":"(anonymous_15)","decl":{"start":{"line":53,"column":40},"end":{"line":53,"column":41}},"loc":{"start":{"line":53,"column":63},"end":{"line":71,"column":1}},"line":53},"16":{"name":"(anonymous_16)","decl":{"start":{"line":59,"column":10},"end":{"line":59,"column":11}},"loc":{"start":{"line":59,"column":22},"end":{"line":59,"column":37}},"line":59},"17":{"name":"(anonymous_17)","decl":{"start":{"line":60,"column":10},"end":{"line":60,"column":11}},"loc":{"start":{"line":60,"column":22},"end":{"line":60,"column":35}},"line":60},"18":{"name":"(anonymous_18)","decl":{"start":{"line":61,"column":10},"end":{"line":61,"column":11}},"loc":{"start":{"line":61,"column":22},"end":{"line":70,"column":5}},"line":61},"19":{"name":"(anonymous_19)","decl":{"start":{"line":70,"column":13},"end":{"line":70,"column":14}},"loc":{"start":{"line":70,"column":22},"end":{"line":70,"column":52}},"line":70}},"branchMap":{},"s":{"0":3,"1":2,"2":3,"3":2,"4":3,"5":1,"6":3,"7":2,"8":2,"9":2,"10":2,"11":2,"12":2,"13":1,"14":1,"15":1,"16":3,"17":2,"18":2,"19":2,"20":2,"21":2,"22":2,"23":3,"24":2,"25":2,"26":2,"27":2,"28":2,"29":2,"30":1},"f":{"0":2,"1":2,"2":1,"3":2,"4":2,"5":2,"6":2,"7":2,"8":1,"9":2,"10":2,"11":2,"12":2,"13":2,"14":2,"15":2,"16":2,"17":2,"18":2,"19":1},"b":{},"_coverageSchema":"332fd63041d2c1bcb487cc26dd0d5f7d97098a6c","hash":"87e915c78494f1a2e9f01231fb0c543cb11e77d4"}
,"D:\\WebDevelopment\\ReactWebPack\\src\\js\\components\\App.js": {"path":"D:\\WebDevelopment\\ReactWebPack\\src\\js\\components\\App.js","statementMap":{"0":{"start":{"line":13,"column":4},"end":{"line":13,"column":16}},"1":{"start":{"line":14,"column":4},"end":{"line":14,"column":25}},"2":{"start":{"line":17,"column":4},"end":{"line":30,"column":5}},"3":{"start":{"line":35,"column":31},"end":{"line":42,"column":2}},"4":{"start":{"line":35,"column":40},"end":{"line":42,"column":1}},"5":{"start":{"line":44,"column":34},"end":{"line":48,"column":1}}},"fnMap":{"0":{"name":"(anonymous_0)","decl":{"start":{"line":12,"column":2},"end":{"line":12,"column":3}},"loc":{"start":{"line":12,"column":21},"end":{"line":15,"column":3}},"line":12},"1":{"name":"(anonymous_1)","decl":{"start":{"line":16,"column":2},"end":{"line":16,"column":3}},"loc":{"start":{"line":16,"column":10},"end":{"line":31,"column":3}},"line":16},"2":{"name":"(anonymous_2)","decl":{"start":{"line":35,"column":31},"end":{"line":35,"column":32}},"loc":{"start":{"line":35,"column":40},"end":{"line":42,"column":1}},"line":35}},"branchMap":{"0":{"loc":{"start":{"line":20,"column":9},"end":{"line":22,"column":16}},"type":"cond-expr","locations":[{"start":{"line":21,"column":10},"end":{"line":21,"column":100}},{"start":{"line":22,"column":12},"end":{"line":22,"column":16}}],"line":20},"1":{"loc":{"start":{"line":24,"column":9},"end":{"line":26,"column":57}},"type":"cond-expr","locations":[{"start":{"line":25,"column":10},"end":{"line":25,"column":122}},{"start":{"line":26,"column":12},"end":{"line":26,"column":57}}],"line":24}},"s":{"0":1,"1":1,"2":2,"3":1,"4":6,"5":1},"f":{"0":1,"1":2,"2":6},"b":{"0":[1,1],"1":[1,1]},"_coverageSchema":"332fd63041d2c1bcb487cc26dd0d5f7d97098a6c","hash":"28f6c807b03e9ba3379d38aa24ddc3880f2db38c"}
,"D:\\WebDevelopment\\ReactWebPack\\src\\js\\components\\MovieDesc.js": {"path":"D:\\WebDevelopment\\ReactWebPack\\src\\js\\components\\MovieDesc.js","statementMap":{"0":{"start":{"line":13,"column":8},"end":{"line":13,"column":21}},"1":{"start":{"line":14,"column":8},"end":{"line":14,"column":63}},"2":{"start":{"line":15,"column":8},"end":{"line":15,"column":29}},"3":{"start":{"line":18,"column":8},"end":{"line":20,"column":9}},"4":{"start":{"line":19,"column":12},"end":{"line":19,"column":29}},"5":{"start":{"line":21,"column":8},"end":{"line":21,"column":20}},"6":{"start":{"line":24,"column":8},"end":{"line":27,"column":9}},"7":{"start":{"line":25,"column":12},"end":{"line":25,"column":70}},"8":{"start":{"line":26,"column":12},"end":{"line":26,"column":33}},"9":{"start":{"line":30,"column":8},"end":{"line":43,"column":9}},"10":{"start":{"line":47,"column":31},"end":{"line":53,"column":2}},"11":{"start":{"line":47,"column":40},"end":{"line":53,"column":1}},"12":{"start":{"line":55,"column":34},"end":{"line":57,"column":1}}},"fnMap":{"0":{"name":"(anonymous_0)","decl":{"start":{"line":12,"column":4},"end":{"line":12,"column":5}},"loc":{"start":{"line":12,"column":23},"end":{"line":16,"column":5}},"line":12},"1":{"name":"(anonymous_1)","decl":{"start":{"line":17,"column":4},"end":{"line":17,"column":5}},"loc":{"start":{"line":17,"column":39},"end":{"line":22,"column":5}},"line":17},"2":{"name":"(anonymous_2)","decl":{"start":{"line":23,"column":4},"end":{"line":23,"column":5}},"loc":{"start":{"line":23,"column":55},"end":{"line":28,"column":5}},"line":23},"3":{"name":"(anonymous_3)","decl":{"start":{"line":29,"column":4},"end":{"line":29,"column":5}},"loc":{"start":{"line":29,"column":12},"end":{"line":44,"column":5}},"line":29},"4":{"name":"(anonymous_4)","decl":{"start":{"line":47,"column":31},"end":{"line":47,"column":32}},"loc":{"start":{"line":47,"column":40},"end":{"line":53,"column":1}},"line":47}},"branchMap":{"0":{"loc":{"start":{"line":18,"column":8},"end":{"line":20,"column":9}},"type":"if","locations":[{"start":{"line":18,"column":8},"end":{"line":20,"column":9}},{"start":{"line":18,"column":8},"end":{"line":20,"column":9}}],"line":18},"1":{"loc":{"start":{"line":24,"column":8},"end":{"line":27,"column":9}},"type":"if","locations":[{"start":{"line":24,"column":8},"end":{"line":27,"column":9}},{"start":{"line":24,"column":8},"end":{"line":27,"column":9}}],"line":24},"2":{"loc":{"start":{"line":24,"column":11},"end":{"line":24,"column":56}},"type":"binary-expr","locations":[{"start":{"line":24,"column":11},"end":{"line":24,"column":28}},{"start":{"line":24,"column":32},"end":{"line":24,"column":56}}],"line":24},"3":{"loc":{"start":{"line":33,"column":17},"end":{"line":35,"column":26}},"type":"cond-expr","locations":[{"start":{"line":34,"column":20},"end":{"line":34,"column":72}},{"start":{"line":35,"column":22},"end":{"line":35,"column":26}}],"line":33},"4":{"loc":{"start":{"line":37,"column":17},"end":{"line":39,"column":67}},"type":"cond-expr","locations":[{"start":{"line":38,"column":20},"end":{"line":38,"column":132}},{"start":{"line":39,"column":22},"end":{"line":39,"column":67}}],"line":37}},"s":{"0":1,"1":1,"2":1,"3":2,"4":1,"5":1,"6":2,"7":1,"8":1,"9":3,"10":1,"11":5,"12":1},"f":{"0":1,"1":2,"2":2,"3":3,"4":5},"b":{"0":[1,1],"1":[1,1],"2":[2,1],"3":[2,1],"4":[2,1]},"_coverageSchema":"332fd63041d2c1bcb487cc26dd0d5f7d97098a6c","hash":"e80b5894bff5cb0d3feb44aef00124929af84354"}
,"D:\\WebDevelopment\\ReactWebPack\\src\\js\\constants\\index.js": {"path":"D:\\WebDevelopment\\ReactWebPack\\src\\js\\constants\\index.js","statementMap":{"0":{"start":{"line":1,"column":18},"end":{"line":9,"column":1}}},"fnMap":{},"branchMap":{},"s":{"0":4},"f":{},"b":{},"_coverageSchema":"332fd63041d2c1bcb487cc26dd0d5f7d97098a6c","hash":"51e6fac1c45e3e3f472623236e9925a5b6cfa57d"}
,"D:\\WebDevelopment\\ReactWebPack\\src\\js\\reducers\\index.js": {"path":"D:\\WebDevelopment\\ReactWebPack\\src\\js\\reducers\\index.js","statementMap":{},"fnMap":{},"branchMap":{},"s":{},"f":{},"b":{},"_coverageSchema":"332fd63041d2c1bcb487cc26dd0d5f7d97098a6c","hash":"fc55af3f357dbd19df9e3b384c3bc1e58f3d04fa"}
,"D:\\WebDevelopment\\ReactWebPack\\src\\js\\reducers\\reducers.js": {"path":"D:\\WebDevelopment\\ReactWebPack\\src\\js\\reducers\\reducers.js","statementMap":{"0":{"start":{"line":3,"column":31},"end":{"line":6,"column":13}},"1":{"start":{"line":4,"column":4},"end":{"line":6,"column":13}},"2":{"start":{"line":8,"column":29},"end":{"line":11,"column":13}},"3":{"start":{"line":9,"column":4},"end":{"line":11,"column":13}},"4":{"start":{"line":13,"column":27},"end":{"line":16,"column":13}},"5":{"start":{"line":14,"column":4},"end":{"line":16,"column":13}},"6":{"start":{"line":18,"column":29},"end":{"line":21,"column":13}},"7":{"start":{"line":19,"column":4},"end":{"line":21,"column":13}},"8":{"start":{"line":23,"column":36},"end":{"line":26,"column":13}},"9":{"start":{"line":24,"column":4},"end":{"line":26,"column":13}},"10":{"start":{"line":28,"column":28},"end":{"line":31,"column":13}},"11":{"start":{"line":29,"column":4},"end":{"line":31,"column":13}}},"fnMap":{"0":{"name":"(anonymous_0)","decl":{"start":{"line":3,"column":31},"end":{"line":3,"column":32}},"loc":{"start":{"line":4,"column":4},"end":{"line":6,"column":13}},"line":4},"1":{"name":"(anonymous_1)","decl":{"start":{"line":8,"column":29},"end":{"line":8,"column":30}},"loc":{"start":{"line":9,"column":4},"end":{"line":11,"column":13}},"line":9},"2":{"name":"(anonymous_2)","decl":{"start":{"line":13,"column":27},"end":{"line":13,"column":28}},"loc":{"start":{"line":14,"column":4},"end":{"line":16,"column":13}},"line":14},"3":{"name":"(anonymous_3)","decl":{"start":{"line":18,"column":29},"end":{"line":18,"column":30}},"loc":{"start":{"line":19,"column":4},"end":{"line":21,"column":13}},"line":19},"4":{"name":"(anonymous_4)","decl":{"start":{"line":23,"column":36},"end":{"line":23,"column":37}},"loc":{"start":{"line":24,"column":4},"end":{"line":26,"column":13}},"line":24},"5":{"name":"(anonymous_5)","decl":{"start":{"line":28,"column":28},"end":{"line":28,"column":29}},"loc":{"start":{"line":29,"column":4},"end":{"line":31,"column":13}},"line":29}},"branchMap":{"0":{"loc":{"start":{"line":3,"column":32},"end":{"line":3,"column":40}},"type":"default-arg","locations":[{"start":{"line":3,"column":38},"end":{"line":3,"column":40}}],"line":3},"1":{"loc":{"start":{"line":4,"column":4},"end":{"line":6,"column":13}},"type":"cond-expr","locations":[{"start":{"line":5,"column":8},"end":{"line":5,"column":22}},{"start":{"line":6,"column":8},"end":{"line":6,"column":13}}],"line":4},"2":{"loc":{"start":{"line":8,"column":30},"end":{"line":8,"column":38}},"type":"default-arg","locations":[{"start":{"line":8,"column":36},"end":{"line":8,"column":38}}],"line":8},"3":{"loc":{"start":{"line":9,"column":4},"end":{"line":11,"column":13}},"type":"cond-expr","locations":[{"start":{"line":10,"column":8},"end":{"line":10,"column":22}},{"start":{"line":11,"column":8},"end":{"line":11,"column":13}}],"line":9},"4":{"loc":{"start":{"line":13,"column":28},"end":{"line":13,"column":41}},"type":"default-arg","locations":[{"start":{"line":13,"column":34},"end":{"line":13,"column":41}}],"line":13},"5":{"loc":{"start":{"line":14,"column":4},"end":{"line":16,"column":13}},"type":"cond-expr","locations":[{"start":{"line":15,"column":8},"end":{"line":15,"column":22}},{"start":{"line":16,"column":8},"end":{"line":16,"column":13}}],"line":14},"6":{"loc":{"start":{"line":18,"column":30},"end":{"line":18,"column":40}},"type":"default-arg","locations":[{"start":{"line":18,"column":36},"end":{"line":18,"column":40}}],"line":18},"7":{"loc":{"start":{"line":19,"column":4},"end":{"line":21,"column":13}},"type":"cond-expr","locations":[{"start":{"line":20,"column":8},"end":{"line":20,"column":22}},{"start":{"line":21,"column":8},"end":{"line":21,"column":13}}],"line":19},"8":{"loc":{"start":{"line":23,"column":37},"end":{"line":23,"column":45}},"type":"default-arg","locations":[{"start":{"line":23,"column":43},"end":{"line":23,"column":45}}],"line":23},"9":{"loc":{"start":{"line":24,"column":4},"end":{"line":26,"column":13}},"type":"cond-expr","locations":[{"start":{"line":25,"column":8},"end":{"line":25,"column":22}},{"start":{"line":26,"column":8},"end":{"line":26,"column":13}}],"line":24},"10":{"loc":{"start":{"line":28,"column":29},"end":{"line":28,"column":37}},"type":"default-arg","locations":[{"start":{"line":28,"column":35},"end":{"line":28,"column":37}}],"line":28},"11":{"loc":{"start":{"line":29,"column":4},"end":{"line":31,"column":13}},"type":"cond-expr","locations":[{"start":{"line":30,"column":8},"end":{"line":30,"column":22}},{"start":{"line":31,"column":8},"end":{"line":31,"column":13}}],"line":29}},"s":{"0":2,"1":6,"2":2,"3":6,"4":2,"5":6,"6":2,"7":6,"8":2,"9":6,"10":2,"11":3},"f":{"0":6,"1":6,"2":6,"3":6,"4":6,"5":3},"b":{"0":[4],"1":[1,5],"2":[4],"3":[1,5],"4":[4],"5":[1,5],"6":[4],"7":[1,5],"8":[4],"9":[1,5],"10":[1],"11":[1,2]},"_coverageSchema":"332fd63041d2c1bcb487cc26dd0d5f7d97098a6c","hash":"924cf3903dbb80d651d38ca0558d57cb8813a6c5"}
,"D:\\WebDevelopment\\ReactWebPack\\src\\js\\store\\store.js": {"path":"D:\\WebDevelopment\\ReactWebPack\\src\\js\\store\\store.js","statementMap":{"0":{"start":{"line":14,"column":14},"end":{"line":14,"column":60}}},"fnMap":{},"branchMap":{},"s":{"0":1},"f":{},"b":{},"_coverageSchema":"332fd63041d2c1bcb487cc26dd0d5f7d97098a6c","hash":"1c08d67d979b18255c295b1299e68faadd72292f"}
,"D:\\WebDevelopment\\ReactWebPack\\src\\js\\ui\\Footer.js": {"path":"D:\\WebDevelopment\\ReactWebPack\\src\\js\\ui\\Footer.js","statementMap":{"0":{"start":{"line":5,"column":15},"end":{"line":9,"column":1}},"1":{"start":{"line":6,"column":4},"end":{"line":8,"column":13}}},"fnMap":{"0":{"name":"(anonymous_0)","decl":{"start":{"line":5,"column":15},"end":{"line":5,"column":16}},"loc":{"start":{"line":6,"column":4},"end":{"line":8,"column":13}},"line":6}},"branchMap":{},"s":{"0":3,"1":1},"f":{"0":1},"b":{},"_coverageSchema":"332fd63041d2c1bcb487cc26dd0d5f7d97098a6c","hash":"90edf903177f503e02e5eddaaeb2546eb2192f8e"}
,"D:\\WebDevelopment\\ReactWebPack\\src\\js\\ui\\Header.js": {"path":"D:\\WebDevelopment\\ReactWebPack\\src\\js\\ui\\Header.js","statementMap":{"0":{"start":{"line":6,"column":8},"end":{"line":6,"column":21}},"1":{"start":{"line":7,"column":8},"end":{"line":7,"column":27}},"2":{"start":{"line":8,"column":8},"end":{"line":8,"column":30}},"3":{"start":{"line":9,"column":8},"end":{"line":9,"column":32}},"4":{"start":{"line":10,"column":8},"end":{"line":10,"column":33}},"5":{"start":{"line":13,"column":8},"end":{"line":13,"column":32}},"6":{"start":{"line":14,"column":8},"end":{"line":14,"column":33}},"7":{"start":{"line":15,"column":8},"end":{"line":15,"column":30}},"8":{"start":{"line":16,"column":8},"end":{"line":16,"column":27}},"9":{"start":{"line":19,"column":8},"end":{"line":19,"column":33}},"10":{"start":{"line":20,"column":8},"end":{"line":20,"column":32}},"11":{"start":{"line":21,"column":8},"end":{"line":21,"column":31}},"12":{"start":{"line":22,"column":8},"end":{"line":22,"column":27}},"13":{"start":{"line":24,"column":29},"end":{"line":24,"column":67}},"14":{"start":{"line":25,"column":21},"end":{"line":25,"column":72}},"15":{"start":{"line":27,"column":8},"end":{"line":29,"column":9}},"16":{"start":{"line":28,"column":12},"end":{"line":28,"column":28}},"17":{"start":{"line":32,"column":8},"end":{"line":58,"column":9}},"18":{"start":{"line":40,"column":44},"end":{"line":40,"column":68}}},"fnMap":{"0":{"name":"(anonymous_0)","decl":{"start":{"line":5,"column":4},"end":{"line":5,"column":5}},"loc":{"start":{"line":5,"column":23},"end":{"line":11,"column":5}},"line":5},"1":{"name":"(anonymous_1)","decl":{"start":{"line":12,"column":26},"end":{"line":12,"column":27}},"loc":{"start":{"line":12,"column":32},"end":{"line":17,"column":5}},"line":12},"2":{"name":"(anonymous_2)","decl":{"start":{"line":18,"column":26},"end":{"line":18,"column":27}},"loc":{"start":{"line":18,"column":32},"end":{"line":23,"column":5}},"line":18},"3":{"name":"(anonymous_3)","decl":{"start":{"line":24,"column":23},"end":{"line":24,"column":24}},"loc":{"start":{"line":24,"column":29},"end":{"line":24,"column":67}},"line":24},"4":{"name":"(anonymous_4)","decl":{"start":{"line":25,"column":15},"end":{"line":25,"column":16}},"loc":{"start":{"line":25,"column":21},"end":{"line":25,"column":72}},"line":25},"5":{"name":"(anonymous_5)","decl":{"start":{"line":26,"column":17},"end":{"line":26,"column":18}},"loc":{"start":{"line":26,"column":24},"end":{"line":30,"column":5}},"line":26},"6":{"name":"(anonymous_6)","decl":{"start":{"line":31,"column":4},"end":{"line":31,"column":5}},"loc":{"start":{"line":31,"column":13},"end":{"line":59,"column":5}},"line":31},"7":{"name":"(anonymous_7)","decl":{"start":{"line":40,"column":33},"end":{"line":40,"column":34}},"loc":{"start":{"line":40,"column":44},"end":{"line":40,"column":68}},"line":40}},"branchMap":{"0":{"loc":{"start":{"line":27,"column":8},"end":{"line":29,"column":9}},"type":"if","locations":[{"start":{"line":27,"column":8},"end":{"line":29,"column":9}},{"start":{"line":27,"column":8},"end":{"line":29,"column":9}}],"line":27}},"s":{"0":11,"1":11,"2":11,"3":11,"4":11,"5":1,"6":1,"7":1,"8":1,"9":1,"10":1,"11":1,"12":1,"13":1,"14":2,"15":2,"16":1,"17":13,"18":5},"f":{"0":11,"1":1,"2":1,"3":1,"4":2,"5":2,"6":13,"7":5},"b":{"0":[1,1]},"_coverageSchema":"332fd63041d2c1bcb487cc26dd0d5f7d97098a6c","hash":"8df7073850f1358005678a6b9d7be163a55c32a4"}
,"D:\\WebDevelopment\\ReactWebPack\\src\\js\\ui\\MovieComp.js": {"path":"D:\\WebDevelopment\\ReactWebPack\\src\\js\\ui\\MovieComp.js","statementMap":{"0":{"start":{"line":4,"column":18},"end":{"line":18,"column":1}},"1":{"start":{"line":5,"column":4},"end":{"line":17,"column":10}},"2":{"start":{"line":7,"column":20},"end":{"line":7,"column":47}},"3":{"start":{"line":8,"column":20},"end":{"line":8,"column":32}}},"fnMap":{"0":{"name":"(anonymous_0)","decl":{"start":{"line":4,"column":18},"end":{"line":4,"column":19}},"loc":{"start":{"line":5,"column":4},"end":{"line":17,"column":10}},"line":5},"1":{"name":"(anonymous_1)","decl":{"start":{"line":6,"column":19},"end":{"line":6,"column":20}},"loc":{"start":{"line":6,"column":25},"end":{"line":9,"column":17}},"line":6}},"branchMap":{},"s":{"0":4,"1":2,"2":1,"3":1},"f":{"0":2,"1":1},"b":{},"_coverageSchema":"332fd63041d2c1bcb487cc26dd0d5f7d97098a6c","hash":"5dd6031eedbc7f3150d877f6ce9dc6a4d00db88e"}
,"D:\\WebDevelopment\\ReactWebPack\\src\\js\\ui\\MovieData.js": {"path":"D:\\WebDevelopment\\ReactWebPack\\src\\js\\ui\\MovieData.js","statementMap":{"0":{"start":{"line":4,"column":18},"end":{"line":39,"column":1}},"1":{"start":{"line":5,"column":4},"end":{"line":38,"column":10}},"2":{"start":{"line":8,"column":62},"end":{"line":8,"column":82}}},"fnMap":{"0":{"name":"(anonymous_0)","decl":{"start":{"line":4,"column":18},"end":{"line":4,"column":19}},"loc":{"start":{"line":5,"column":4},"end":{"line":38,"column":10}},"line":5},"1":{"name":"(anonymous_1)","decl":{"start":{"line":8,"column":55},"end":{"line":8,"column":56}},"loc":{"start":{"line":8,"column":61},"end":{"line":8,"column":83}},"line":8}},"branchMap":{"0":{"loc":{"start":{"line":22,"column":29},"end":{"line":22,"column":171}},"type":"cond-expr","locations":[{"start":{"line":22,"column":61},"end":{"line":22,"column":167}},{"start":{"line":22,"column":169},"end":{"line":22,"column":171}}],"line":22},"1":{"loc":{"start":{"line":29,"column":57},"end":{"line":29,"column":117}},"type":"cond-expr","locations":[{"start":{"line":29,"column":86},"end":{"line":29,"column":111}},{"start":{"line":29,"column":115},"end":{"line":29,"column":117}}],"line":29}},"s":{"0":2,"1":4,"2":1},"f":{"0":4,"1":1},"b":{"0":[3,1],"1":[1,3]},"_coverageSchema":"332fd63041d2c1bcb487cc26dd0d5f7d97098a6c","hash":"bab75723ae7ad446f32452b9e915741d7de0fe56"}
,"D:\\WebDevelopment\\ReactWebPack\\src\\js\\ui\\MovieSubHeader.js": {"path":"D:\\WebDevelopment\\ReactWebPack\\src\\js\\ui\\MovieSubHeader.js","statementMap":{"0":{"start":{"line":4,"column":23},"end":{"line":10,"column":1}},"1":{"start":{"line":5,"column":4},"end":{"line":9,"column":10}}},"fnMap":{"0":{"name":"(anonymous_0)","decl":{"start":{"line":4,"column":23},"end":{"line":4,"column":24}},"loc":{"start":{"line":5,"column":4},"end":{"line":9,"column":10}},"line":5}},"branchMap":{},"s":{"0":2,"1":2},"f":{"0":2},"b":{},"_coverageSchema":"332fd63041d2c1bcb487cc26dd0d5f7d97098a6c","hash":"7eacd98b34d36ae73e07fb79ee755e74c1b66aeb"}
,"D:\\WebDevelopment\\ReactWebPack\\src\\js\\ui\\MoviesList.js": {"path":"D:\\WebDevelopment\\ReactWebPack\\src\\js\\ui\\MoviesList.js","statementMap":{"0":{"start":{"line":6,"column":19},"end":{"line":18,"column":1}},"1":{"start":{"line":7,"column":4},"end":{"line":17,"column":10}},"2":{"start":{"line":10,"column":16},"end":{"line":14,"column":26}}},"fnMap":{"0":{"name":"(anonymous_0)","decl":{"start":{"line":6,"column":19},"end":{"line":6,"column":20}},"loc":{"start":{"line":7,"column":4},"end":{"line":17,"column":10}},"line":7},"1":{"name":"(anonymous_1)","decl":{"start":{"line":9,"column":23},"end":{"line":9,"column":24}},"loc":{"start":{"line":10,"column":16},"end":{"line":14,"column":26}},"line":10}},"branchMap":{},"s":{"0":3,"1":1,"2":2},"f":{"0":1,"1":2},"b":{},"_coverageSchema":"332fd63041d2c1bcb487cc26dd0d5f7d97098a6c","hash":"215d5ebbacebd6db0c19377c804514615658207a"}
,"D:\\WebDevelopment\\ReactWebPack\\src\\js\\ui\\SubHeader.js": {"path":"D:\\WebDevelopment\\ReactWebPack\\src\\js\\ui\\SubHeader.js","statementMap":{"0":{"start":{"line":6,"column":8},"end":{"line":6,"column":21}},"1":{"start":{"line":7,"column":8},"end":{"line":7,"column":30}},"2":{"start":{"line":8,"column":8},"end":{"line":8,"column":32}},"3":{"start":{"line":11,"column":8},"end":{"line":11,"column":29}},"4":{"start":{"line":12,"column":8},"end":{"line":12,"column":32}},"5":{"start":{"line":13,"column":8},"end":{"line":13,"column":24}},"6":{"start":{"line":14,"column":8},"end":{"line":14,"column":27}},"7":{"start":{"line":17,"column":8},"end":{"line":17,"column":30}},"8":{"start":{"line":18,"column":8},"end":{"line":18,"column":33}},"9":{"start":{"line":19,"column":8},"end":{"line":19,"column":24}},"10":{"start":{"line":20,"column":8},"end":{"line":20,"column":27}},"11":{"start":{"line":23,"column":21},"end":{"line":23,"column":80}},"12":{"start":{"line":24,"column":8},"end":{"line":24,"column":40}},"13":{"start":{"line":27,"column":8},"end":{"line":42,"column":9}}},"fnMap":{"0":{"name":"(anonymous_0)","decl":{"start":{"line":5,"column":4},"end":{"line":5,"column":5}},"loc":{"start":{"line":5,"column":23},"end":{"line":9,"column":5}},"line":5},"1":{"name":"(anonymous_1)","decl":{"start":{"line":10,"column":18},"end":{"line":10,"column":19}},"loc":{"start":{"line":10,"column":24},"end":{"line":15,"column":5}},"line":10},"2":{"name":"(anonymous_2)","decl":{"start":{"line":16,"column":24},"end":{"line":16,"column":25}},"loc":{"start":{"line":16,"column":30},"end":{"line":21,"column":5}},"line":16},"3":{"name":"(anonymous_3)","decl":{"start":{"line":22,"column":15},"end":{"line":22,"column":16}},"loc":{"start":{"line":22,"column":21},"end":{"line":25,"column":5}},"line":22},"4":{"name":"(anonymous_4)","decl":{"start":{"line":26,"column":4},"end":{"line":26,"column":5}},"loc":{"start":{"line":26,"column":13},"end":{"line":43,"column":5}},"line":26}},"branchMap":{"0":{"loc":{"start":{"line":23,"column":21},"end":{"line":23,"column":80}},"type":"cond-expr","locations":[{"start":{"line":23,"column":49},"end":{"line":23,"column":63}},{"start":{"line":23,"column":66},"end":{"line":23,"column":80}}],"line":23}},"s":{"0":3,"1":3,"2":3,"3":1,"4":1,"5":1,"6":1,"7":1,"8":1,"9":1,"10":1,"11":2,"12":2,"13":5},"f":{"0":3,"1":1,"2":1,"3":2,"4":5},"b":{"0":[1,1]},"_coverageSchema":"332fd63041d2c1bcb487cc26dd0d5f7d97098a6c","hash":"a8f2aa6ac065ec04ecd698c2577cfa59d404ecac"}
}
