TN:
SF:D:\WebDevelopment\ReactWebPack\src\NotFound.js
FN:4,(anonymous_0)
FNF:1
FNH:1
FNDA:1,(anonymous_0)
DA:4,1
DA:5,1
LF:2
LH:2
BRF:0
BRH:0
end_of_record
TN:
SF:D:\WebDevelopment\ReactWebPack\src\js\actions\Actions.js
FN:3,(anonymous_0)
FN:8,(anonymous_1)
FN:13,(anonymous_2)
FN:18,(anonymous_3)
FN:18,(anonymous_4)
FN:23,(anonymous_5)
FN:24,(anonymous_6)
FN:25,(anonymous_7)
FN:37,(anonymous_8)
FN:40,(anonymous_9)
FN:40,(anonymous_10)
FN:42,(anonymous_11)
FN:43,(anonymous_12)
FN:50,(anonymous_13)
FN:53,(anonymous_14)
FN:53,(anonymous_15)
FN:59,(anonymous_16)
FN:60,(anonymous_17)
FN:61,(anonymous_18)
FN:70,(anonymous_19)
FNF:20
FNH:20
FNDA:2,(anonymous_0)
FNDA:2,(anonymous_1)
FNDA:1,(anonymous_2)
FNDA:2,(anonymous_3)
FNDA:2,(anonymous_4)
FNDA:2,(anonymous_5)
FNDA:2,(anonymous_6)
FNDA:2,(anonymous_7)
FNDA:1,(anonymous_8)
FNDA:2,(anonymous_9)
FNDA:2,(anonymous_10)
FNDA:2,(anonymous_11)
FNDA:2,(anonymous_12)
FNDA:2,(anonymous_13)
FNDA:2,(anonymous_14)
FNDA:2,(anonymous_15)
FNDA:2,(anonymous_16)
FNDA:2,(anonymous_17)
FNDA:2,(anonymous_18)
FNDA:1,(anonymous_19)
DA:3,3
DA:8,3
DA:13,3
DA:18,3
DA:19,2
DA:23,2
DA:24,2
DA:26,2
DA:30,2
DA:34,1
DA:35,1
DA:37,1
DA:40,3
DA:41,2
DA:42,2
DA:44,2
DA:48,2
DA:50,2
DA:53,3
DA:54,2
DA:59,2
DA:60,2
DA:62,2
DA:66,2
DA:70,1
LF:25
LH:25
BRF:0
BRH:0
end_of_record
TN:
SF:D:\WebDevelopment\ReactWebPack\src\js\components\App.js
FN:12,(anonymous_0)
FN:16,(anonymous_1)
FN:35,(anonymous_2)
FNF:3
FNH:3
FNDA:1,(anonymous_0)
FNDA:2,(anonymous_1)
FNDA:6,(anonymous_2)
DA:13,1
DA:14,1
DA:17,2
DA:35,6
DA:44,1
LF:5
LH:5
BRDA:20,0,0,1
BRDA:20,0,1,1
BRDA:24,1,0,1
BRDA:24,1,1,1
BRF:4
BRH:4
end_of_record
TN:
SF:D:\WebDevelopment\ReactWebPack\src\js\components\MovieDesc.js
FN:12,(anonymous_0)
FN:17,(anonymous_1)
FN:23,(anonymous_2)
FN:29,(anonymous_3)
FN:47,(anonymous_4)
FNF:5
FNH:5
FNDA:1,(anonymous_0)
FNDA:2,(anonymous_1)
FNDA:2,(anonymous_2)
FNDA:3,(anonymous_3)
FNDA:5,(anonymous_4)
DA:13,1
DA:14,1
DA:15,1
DA:18,2
DA:19,1
DA:21,1
DA:24,2
DA:25,1
DA:26,1
DA:30,3
DA:47,5
DA:55,1
LF:12
LH:12
BRDA:18,0,0,1
BRDA:18,0,1,1
BRDA:24,1,0,1
BRDA:24,1,1,1
BRDA:24,2,0,2
BRDA:24,2,1,1
BRDA:33,3,0,2
BRDA:33,3,1,1
BRDA:37,4,0,2
BRDA:37,4,1,1
BRF:10
BRH:10
end_of_record
TN:
SF:D:\WebDevelopment\ReactWebPack\src\js\constants\index.js
FNF:0
FNH:0
DA:1,4
LF:1
LH:1
BRF:0
BRH:0
end_of_record
TN:
SF:D:\WebDevelopment\ReactWebPack\src\js\reducers\index.js
FNF:0
FNH:0
LF:0
LH:0
BRF:0
BRH:0
end_of_record
TN:
SF:D:\WebDevelopment\ReactWebPack\src\js\reducers\reducers.js
FN:3,(anonymous_0)
FN:8,(anonymous_1)
FN:13,(anonymous_2)
FN:18,(anonymous_3)
FN:23,(anonymous_4)
FN:28,(anonymous_5)
FNF:6
FNH:6
FNDA:6,(anonymous_0)
FNDA:6,(anonymous_1)
FNDA:6,(anonymous_2)
FNDA:6,(anonymous_3)
FNDA:6,(anonymous_4)
FNDA:3,(anonymous_5)
DA:3,2
DA:4,6
DA:8,2
DA:9,6
DA:13,2
DA:14,6
DA:18,2
DA:19,6
DA:23,2
DA:24,6
DA:28,2
DA:29,3
LF:12
LH:12
BRDA:3,0,0,4
BRDA:4,1,0,1
BRDA:4,1,1,5
BRDA:8,2,0,4
BRDA:9,3,0,1
BRDA:9,3,1,5
BRDA:13,4,0,4
BRDA:14,5,0,1
BRDA:14,5,1,5
BRDA:18,6,0,4
BRDA:19,7,0,1
BRDA:19,7,1,5
BRDA:23,8,0,4
BRDA:24,9,0,1
BRDA:24,9,1,5
BRDA:28,10,0,1
BRDA:29,11,0,1
BRDA:29,11,1,2
BRF:18
BRH:18
end_of_record
TN:
SF:D:\WebDevelopment\ReactWebPack\src\js\store\store.js
FNF:0
FNH:0
DA:14,1
LF:1
LH:1
BRF:0
BRH:0
end_of_record
TN:
SF:D:\WebDevelopment\ReactWebPack\src\js\ui\Footer.js
FN:5,(anonymous_0)
FNF:1
FNH:1
FNDA:1,(anonymous_0)
DA:5,3
DA:6,1
LF:2
LH:2
BRF:0
BRH:0
end_of_record
TN:
SF:D:\WebDevelopment\ReactWebPack\src\js\ui\Header.js
FN:5,(anonymous_0)
FN:12,(anonymous_1)
FN:18,(anonymous_2)
FN:24,(anonymous_3)
FN:25,(anonymous_4)
FN:26,(anonymous_5)
FN:31,(anonymous_6)
FN:40,(anonymous_7)
FNF:8
FNH:8
FNDA:11,(anonymous_0)
FNDA:1,(anonymous_1)
FNDA:1,(anonymous_2)
FNDA:1,(anonymous_3)
FNDA:2,(anonymous_4)
FNDA:2,(anonymous_5)
FNDA:13,(anonymous_6)
FNDA:5,(anonymous_7)
DA:6,11
DA:7,11
DA:8,11
DA:9,11
DA:10,11
DA:13,1
DA:14,1
DA:15,1
DA:16,1
DA:19,1
DA:20,1
DA:21,1
DA:22,1
DA:24,1
DA:25,2
DA:27,2
DA:28,1
DA:32,13
DA:40,5
LF:19
LH:19
BRDA:27,0,0,1
BRDA:27,0,1,1
BRF:2
BRH:2
end_of_record
TN:
SF:D:\WebDevelopment\ReactWebPack\src\js\ui\MovieComp.js
FN:4,(anonymous_0)
FN:6,(anonymous_1)
FNF:2
FNH:2
FNDA:2,(anonymous_0)
FNDA:1,(anonymous_1)
DA:4,4
DA:5,2
DA:7,1
DA:8,1
LF:4
LH:4
BRF:0
BRH:0
end_of_record
TN:
SF:D:\WebDevelopment\ReactWebPack\src\js\ui\MovieData.js
FN:4,(anonymous_0)
FN:8,(anonymous_1)
FNF:2
FNH:2
FNDA:4,(anonymous_0)
FNDA:1,(anonymous_1)
DA:4,2
DA:5,4
DA:8,1
LF:3
LH:3
BRDA:22,0,0,3
BRDA:22,0,1,1
BRDA:29,1,0,1
BRDA:29,1,1,3
BRF:4
BRH:4
end_of_record
TN:
SF:D:\WebDevelopment\ReactWebPack\src\js\ui\MovieSubHeader.js
FN:4,(anonymous_0)
FNF:1
FNH:1
FNDA:2,(anonymous_0)
DA:4,2
DA:5,2
LF:2
LH:2
BRF:0
BRH:0
end_of_record
TN:
SF:D:\WebDevelopment\ReactWebPack\src\js\ui\MoviesList.js
FN:6,(anonymous_0)
FN:9,(anonymous_1)
FNF:2
FNH:2
FNDA:1,(anonymous_0)
FNDA:2,(anonymous_1)
DA:6,3
DA:7,1
DA:10,2
LF:3
LH:3
BRF:0
BRH:0
end_of_record
TN:
SF:D:\WebDevelopment\ReactWebPack\src\js\ui\SubHeader.js
FN:5,(anonymous_0)
FN:10,(anonymous_1)
FN:16,(anonymous_2)
FN:22,(anonymous_3)
FN:26,(anonymous_4)
FNF:5
FNH:5
FNDA:3,(anonymous_0)
FNDA:1,(anonymous_1)
FNDA:1,(anonymous_2)
FNDA:2,(anonymous_3)
FNDA:5,(anonymous_4)
DA:6,3
DA:7,3
DA:8,3
DA:11,1
DA:12,1
DA:13,1
DA:14,1
DA:17,1
DA:18,1
DA:19,1
DA:20,1
DA:23,2
DA:24,2
DA:27,5
LF:14
LH:14
BRDA:23,0,0,1
BRDA:23,0,1,1
BRF:2
BRH:2
end_of_record
